Command line invocation:
    /Applications/Xcode.app/Contents/Developer/usr/bin/xcodebuild -project IngredientCheck.xcodeproj -scheme IngredientCheck -destination "platform=iOS Simulator,name=iPhone 15 Pro" build

User defaults from command line:
    IDEPackageSupportUseBuiltinSCM = YES

Prepare packages

ComputeTargetDependencyGraph
note: Building targets in dependency order
note: Target dependency graph (1 target)
    Target 'IngredientCheck' in project 'IngredientCheck' (no dependencies)

GatherProvisioningInputs

CreateBuildDescription
Build description signature: 27aaf324411c7b687f5e5953783d4fbb
Build description path: /Users/taj/Library/Developer/Xcode/DerivedData/IngredientCheck-cbopphkaznalbncieahkcgzlwjsc/Build/Intermediates.noindex/XCBuildData/27aaf324411c7b687f5e5953783d4fbb.xcbuilddata

ClangStatCache /Applications/Xcode.app/Contents/Developer/Toolchains/XcodeDefault.xctoolchain/usr/bin/clang-stat-cache /Applications/Xcode.app/Contents/Developer/Platforms/iPhoneSimulator.platform/Developer/SDKs/iPhoneSimulator17.2.sdk /Users/taj/Library/Developer/Xcode/DerivedData/SDKStatCaches.noindex/iphonesimulator17.2-21C52-4f2951bfe8f3cd53c99228b0131e163e.sdkstatcache
    cd /Users/taj/Project/IngredientCheck/IngredientCheck.xcodeproj
    /Applications/Xcode.app/Contents/Developer/Toolchains/XcodeDefault.xctoolchain/usr/bin/clang-stat-cache /Applications/Xcode.app/Contents/Developer/Platforms/iPhoneSimulator.platform/Developer/SDKs/iPhoneSimulator17.2.sdk -o /Users/taj/Library/Developer/Xcode/DerivedData/SDKStatCaches.noindex/iphonesimulator17.2-21C52-4f2951bfe8f3cd53c99228b0131e163e.sdkstatcache

ProcessProductPackaging "" /Users/taj/Library/Developer/Xcode/DerivedData/IngredientCheck-cbopphkaznalbncieahkcgzlwjsc/Build/Intermediates.noindex/IngredientCheck.build/Debug-iphonesimulator/IngredientCheck.build/IngredientCheck.app-Simulated.xcent (in target 'IngredientCheck' from project 'IngredientCheck')
    cd /Users/taj/Project/IngredientCheck
    
    Entitlements:
    
    {
    "application-identifier" = "FAKETEAMID.com.o1o1intl.IngredientCheck";
}
    
    builtin-productPackagingUtility -entitlements -format xml -o /Users/taj/Library/Developer/Xcode/DerivedData/IngredientCheck-cbopphkaznalbncieahkcgzlwjsc/Build/Intermediates.noindex/IngredientCheck.build/Debug-iphonesimulator/IngredientCheck.build/IngredientCheck.app-Simulated.xcent

ProcessProductPackagingDER /Users/taj/Library/Developer/Xcode/DerivedData/IngredientCheck-cbopphkaznalbncieahkcgzlwjsc/Build/Intermediates.noindex/IngredientCheck.build/Debug-iphonesimulator/IngredientCheck.build/IngredientCheck.app-Simulated.xcent /Users/taj/Library/Developer/Xcode/DerivedData/IngredientCheck-cbopphkaznalbncieahkcgzlwjsc/Build/Intermediates.noindex/IngredientCheck.build/Debug-iphonesimulator/IngredientCheck.build/IngredientCheck.app-Simulated.xcent.der (in target 'IngredientCheck' from project 'IngredientCheck')
    cd /Users/taj/Project/IngredientCheck
    /usr/bin/derq query -f xml -i /Users/taj/Library/Developer/Xcode/DerivedData/IngredientCheck-cbopphkaznalbncieahkcgzlwjsc/Build/Intermediates.noindex/IngredientCheck.build/Debug-iphonesimulator/IngredientCheck.build/IngredientCheck.app-Simulated.xcent -o /Users/taj/Library/Developer/Xcode/DerivedData/IngredientCheck-cbopphkaznalbncieahkcgzlwjsc/Build/Intermediates.noindex/IngredientCheck.build/Debug-iphonesimulator/IngredientCheck.build/IngredientCheck.app-Simulated.xcent.der --raw

ProcessProductPackaging "" /Users/taj/Library/Developer/Xcode/DerivedData/IngredientCheck-cbopphkaznalbncieahkcgzlwjsc/Build/Intermediates.noindex/IngredientCheck.build/Debug-iphonesimulator/IngredientCheck.build/IngredientCheck.app.xcent (in target 'IngredientCheck' from project 'IngredientCheck')
    cd /Users/taj/Project/IngredientCheck
    
    Entitlements:
    
    {
    "com.apple.security.get-task-allow" = 1;
}
    
    builtin-productPackagingUtility -entitlements -format xml -o /Users/taj/Library/Developer/Xcode/DerivedData/IngredientCheck-cbopphkaznalbncieahkcgzlwjsc/Build/Intermediates.noindex/IngredientCheck.build/Debug-iphonesimulator/IngredientCheck.build/IngredientCheck.app.xcent

ProcessProductPackagingDER /Users/taj/Library/Developer/Xcode/DerivedData/IngredientCheck-cbopphkaznalbncieahkcgzlwjsc/Build/Intermediates.noindex/IngredientCheck.build/Debug-iphonesimulator/IngredientCheck.build/IngredientCheck.app.xcent /Users/taj/Library/Developer/Xcode/DerivedData/IngredientCheck-cbopphkaznalbncieahkcgzlwjsc/Build/Intermediates.noindex/IngredientCheck.build/Debug-iphonesimulator/IngredientCheck.build/IngredientCheck.app.xcent.der (in target 'IngredientCheck' from project 'IngredientCheck')
    cd /Users/taj/Project/IngredientCheck
    /usr/bin/derq query -f xml -i /Users/taj/Library/Developer/Xcode/DerivedData/IngredientCheck-cbopphkaznalbncieahkcgzlwjsc/Build/Intermediates.noindex/IngredientCheck.build/Debug-iphonesimulator/IngredientCheck.build/IngredientCheck.app.xcent -o /Users/taj/Library/Developer/Xcode/DerivedData/IngredientCheck-cbopphkaznalbncieahkcgzlwjsc/Build/Intermediates.noindex/IngredientCheck.build/Debug-iphonesimulator/IngredientCheck.build/IngredientCheck.app.xcent.der --raw

WriteAuxiliaryFile /Users/taj/Library/Developer/Xcode/DerivedData/IngredientCheck-cbopphkaznalbncieahkcgzlwjsc/Build/Intermediates.noindex/IngredientCheck.build/Debug-iphonesimulator/IngredientCheck.build/Objects-normal/x86_64/IngredientCheck.SwiftFileList (in target 'IngredientCheck' from project 'IngredientCheck')
    cd /Users/taj/Project/IngredientCheck
    write-file /Users/taj/Library/Developer/Xcode/DerivedData/IngredientCheck-cbopphkaznalbncieahkcgzlwjsc/Build/Intermediates.noindex/IngredientCheck.build/Debug-iphonesimulator/IngredientCheck.build/Objects-normal/x86_64/IngredientCheck.SwiftFileList

WriteAuxiliaryFile /Users/taj/Library/Developer/Xcode/DerivedData/IngredientCheck-cbopphkaznalbncieahkcgzlwjsc/Build/Intermediates.noindex/IngredientCheck.build/Debug-iphonesimulator/IngredientCheck.build/Objects-normal/x86_64/IngredientCheck.LinkFileList (in target 'IngredientCheck' from project 'IngredientCheck')
    cd /Users/taj/Project/IngredientCheck
    write-file /Users/taj/Library/Developer/Xcode/DerivedData/IngredientCheck-cbopphkaznalbncieahkcgzlwjsc/Build/Intermediates.noindex/IngredientCheck.build/Debug-iphonesimulator/IngredientCheck.build/Objects-normal/x86_64/IngredientCheck.LinkFileList

WriteAuxiliaryFile /Users/taj/Library/Developer/Xcode/DerivedData/IngredientCheck-cbopphkaznalbncieahkcgzlwjsc/Build/Intermediates.noindex/IngredientCheck.build/Debug-iphonesimulator/IngredientCheck.build/Objects-normal/x86_64/IngredientCheck-OutputFileMap.json (in target 'IngredientCheck' from project 'IngredientCheck')
    cd /Users/taj/Project/IngredientCheck
    write-file /Users/taj/Library/Developer/Xcode/DerivedData/IngredientCheck-cbopphkaznalbncieahkcgzlwjsc/Build/Intermediates.noindex/IngredientCheck.build/Debug-iphonesimulator/IngredientCheck.build/Objects-normal/x86_64/IngredientCheck-OutputFileMap.json

CpResource /Users/taj/Library/Developer/Xcode/DerivedData/IngredientCheck-cbopphkaznalbncieahkcgzlwjsc/Build/Products/Debug-iphonesimulator/IngredientCheck.app/ECHA_Regulatory_Data.json /Users/taj/Project/IngredientCheck/ECHA_Regulatory_Data.json (in target 'IngredientCheck' from project 'IngredientCheck')
    cd /Users/taj/Project/IngredientCheck
    builtin-copy -exclude .DS_Store -exclude CVS -exclude .svn -exclude .git -exclude .hg -resolve-src-symlinks /Users/taj/Project/IngredientCheck/ECHA_Regulatory_Data.json /Users/taj/Library/Developer/Xcode/DerivedData/IngredientCheck-cbopphkaznalbncieahkcgzlwjsc/Build/Products/Debug-iphonesimulator/IngredientCheck.app
error: /Users/taj/Project/IngredientCheck/ECHA_Regulatory_Data.json: No such file or directory (in target 'IngredientCheck' from project 'IngredientCheck')

** BUILD FAILED **


The following build commands failed:
	CpResource /Users/taj/Library/Developer/Xcode/DerivedData/IngredientCheck-cbopphkaznalbncieahkcgzlwjsc/Build/Products/Debug-iphonesimulator/IngredientCheck.app/ECHA_Regulatory_Data.json /Users/taj/Project/IngredientCheck/ECHA_Regulatory_Data.json (in target 'IngredientCheck' from project 'IngredientCheck')
(1 failure)
